<?xml version="1.0" encoding="UTF-8"?>
<!-- Generated by org.testng.reporters.JUnitXMLReporter -->
<testsuite ignored="1" hostname="HP" failures="0" tests="1" name="Error Validation Test" time="12.102" errors="0" timestamp="2024-08-22T10:53:04 PKT">
  <testcase classname="ABCAcademy.Tests.N3_ErrorValidationsTest" name="loginErrorValidation" time="0.307"/>
  <testcase classname="ABCAcademy.Tests.N3_ErrorValidationsTest" name="ProductErrorValidation" time="0.0">
    <ignored/>
  </testcase> <!-- ProductErrorValidation -->
</testsuite> <!-- Error Validation Test -->
