<?xml version="1.0" encoding="UTF-8"?>
<!-- Generated by org.testng.reporters.JUnitXMLReporter -->
<testsuite ignored="0" hostname="HP" failures="0" tests="2" name="Error Validations Test" time="13.833" errors="0" timestamp="2024-08-20T21:53:41 PKT">
  <testcase classname="ABCAcademy.Tests.N3_ErrorValidationsTest" name="ProductErrorValidation" time="3.319"/>
  <testcase classname="ABCAcademy.Tests.N3_ErrorValidationsTest" name="loginErrorValidation" time="0.769"/>
</testsuite> <!-- Error Validations Test -->
