<?xml version="1.0" encoding="UTF-8"?>
<!-- Generated by org.testng.reporters.JUnitXMLReporter -->
<testsuite ignored="2" hostname="HP" failures="0" tests="0" time="0.012" errors="0" timestamp="2024-08-22T10:52:52 PKT">
  <testcase classname="ABCAcademy.Tests.N2_SubmitOrderTest" name="submitOrder" time="0.0">
    <ignored/>
  </testcase> <!-- submitOrder -->
  <testcase classname="ABCAcademy.Tests.N2_SubmitOrderTest" name="OrderHistoryTest" time="0.0">
    <ignored/>
  </testcase> <!-- OrderHistoryTest -->
</testsuite>
