<?xml version="1.0" encoding="UTF-8"?>
<!-- Generated by org.testng.reporters.JUnitXMLReporter -->
<testsuite ignored="0" hostname="HP" failures="0" tests="4" name="Submit Order Test" time="34.998" errors="0" timestamp="2024-08-21T17:11:55 PKT">
  <testcase classname="ABCAcademy.Tests.N2_SubmitOrderTest" name="submitOrder" time="6.748"/>
  <testcase classname="ABCAcademy.Tests.N2_SubmitOrderTest" name="submitOrder" time="4.846"/>
  <testcase classname="ABCAcademy.Tests.N2_SubmitOrderTest" name="OrderHistoryTest" time="1.684"/>
  <testcase classname="ABCAcademy.Tests.N2_SubmitOrderTest" name="OrderHistoryTest" time="1.524"/>
</testsuite> <!-- Submit Order Test -->
