<?xml version="1.0" encoding="UTF-8"?>
<!-- Generated by org.testng.reporters.JUnitXMLReporter -->
<testsuite ignored="0" hostname="HP" failures="0" tests="2" name="Error Validation Test" time="94.957" errors="0" timestamp="2024-08-22T20:20:28 PKT">
  <testcase classname="ABCAcademy.Tests.N3_ErrorValidationsTest" name="ProductErrorValidation" time="3.969"/>
  <testcase classname="ABCAcademy.Tests.N3_ErrorValidationsTest" name="loginErrorValidation" time="2.088"/>
</testsuite> <!-- Error Validation Test -->
