<?xml version="1.0" encoding="UTF-8"?>
<!-- Generated by org.testng.reporters.JUnitXMLReporter -->
<testsuite ignored="0" hostname="HP" failures="0" tests="4" name="Submit Order Test" time="41.358" errors="0" timestamp="2024-08-22T20:19:35 PKT">
  <testcase classname="ABCAcademy.Tests.N2_SubmitOrderTest" name="submitOrder" time="4.654"/>
  <testcase classname="ABCAcademy.Tests.N2_SubmitOrderTest" name="submitOrder" time="4.16"/>
  <testcase classname="ABCAcademy.Tests.N2_SubmitOrderTest" name="OrderHistoryTest" time="1.743"/>
  <testcase classname="ABCAcademy.Tests.N2_SubmitOrderTest" name="OrderHistoryTest" time="1.639"/>
</testsuite> <!-- Submit Order Test -->
